<?xml version="1.0" encoding="UTF-8" ?>
<testsuites disabled="0" errors="0" failures="1" tests="2" time="216.041">
 <testsuite name="LCE Portal Testing" timestamp="2018-10-16T16:08:28" hostname="localhost" time="216.041" errors="0" tests="2" skipped="0" disabled="0" failures="1">
  <testcase classname="LCE Portal Testing" name="For Entire Workflow" time="178.813" />
  <testcase classname="LCE Portal Testing" name="This test case will fail" time="37.224">
   <failure type="toBe" message="Expected &apos;About Your Store&apos; to be &apos;About Your estore&apos;."><![CDATA[Error: Failed expectation
    at UserContext.<anonymous> (C:\Users\Priyanka.Bansal\workspace\LCEPortal\Tests\AgentSignIn.js:109:43)
    at C:\Users\Priyanka.Bansal\AppData\Roaming\npm\node_modules\protractor\node_modules\jasminewd2\index.js:112:25
    at new ManagedPromise (C:\Users\Priyanka.Bansal\AppData\Roaming\npm\node_modules\protractor\node_modules\selenium-webdriver\lib\promise.js:1077:7)
    at ControlFlow.promise (C:\Users\Priyanka.Bansal\AppData\Roaming\npm\node_modules\protractor\node_modules\selenium-webdriver\lib\promise.js:2505:12)
    at schedulerExecute (C:\Users\Priyanka.Bansal\AppData\Roaming\npm\node_modules\protractor\node_modules\jasminewd2\index.js:95:18)
    at TaskQueue.execute_ (C:\Users\Priyanka.Bansal\AppData\Roaming\npm\node_modules\protractor\node_modules\selenium-webdriver\lib\promise.js:3084:14)
    at TaskQueue.executeNext_ (C:\Users\Priyanka.Bansal\AppData\Roaming\npm\node_modules\protractor\node_modules\selenium-webdriver\lib\promise.js:3067:27)
    at asyncRun (C:\Users\Priyanka.Bansal\AppData\Roaming\npm\node_modules\protractor\node_modules\selenium-webdriver\lib\promise.js:2974:25)
    at C:\Users\Priyanka.Bansal\AppData\Roaming\npm\node_modules\protractor\node_modules\selenium-webdriver\lib\promise.js:668:7]]>
   </failure>
  </testcase>
 </testsuite>
</testsuites>